<?xml version="1.0" encoding="UTF-8" ?>
<testsuite tests="1" failures="1" name="cpsc542.selenium.ProfileTest" time="10.833" errors="0" skipped="0">
  <properties>
[...]
</properties>
  <testcase classname="cpsc542.selenium.ProfileTest" name="shouldSeeTripAfterBooking" time="10.833">
    <failure message="Index 0 out of bounds for length 0" type="java.lang.IndexOutOfBoundsException">java.lang.IndexOutOfBoundsException: Index 0 out of bounds for length 0
	at java.base/jdk.internal.util.Preconditions.outOfBounds(Preconditions.java:64)
	at java.base/jdk.internal.util.Preconditions.outOfBoundsCheckIndex(Preconditions.java:70)
	at java.base/jdk.internal.util.Preconditions.checkIndex(Preconditions.java:248)
	at java.base/java.util.Objects.checkIndex(Objects.java:373)
	at java.base/java.util.ArrayList.get(ArrayList.java:427)
	at cpsc542.selenium.ProfileTest.addTripToCart(ProfileTest.java:51)
	at cpsc542.selenium.ProfileTest.shouldSeeTripAfterBooking(ProfileTest.java:32)
</failure>
    <system-out>Configuring TestNG with: org.apache.maven.surefire.testng.conf.TestNG652Configurator@1ff8b8f
</system-out>
    <system-err>Starting ChromeDriver 86.0.4240.22 (398b0743353ff36fb1b82468f63a3a93b4e2e89e-refs/branch-heads/4240@{#378}) on port 31138
Only local connections are allowed.
Please see https://chromedriver.chromium.org/security-considerations for suggestions on keeping ChromeDriver safe.
ChromeDriver was started successfully.
Nov 20, 2020 9:30:45 PM org.openqa.selenium.remote.ProtocolHandshake createSession
INFO: Detected dialect: W3C
</system-err>
  </testcase>
</testsuite>