<?xml version="1.0" encoding="UTF-8"?>
<!-- Generated by org.testng.reporters.JUnitXMLReporter -->
<testsuite ignored="0" hostname="BZHUANG-LT" failures="1" tests="1" name="Command line test" time="10.848" errors="0" timestamp="2020-11-20T21:30:56 PST">
  <testcase classname="cpsc542.selenium.ProfileTest" name="shouldSeeTripAfterBooking" time="10.83">
    <failure type="java.lang.IndexOutOfBoundsException" message="Index 0 out of bounds for length 0">
      <![CDATA[java.lang.IndexOutOfBoundsException: Index 0 out of bounds for length 0
at java.base/jdk.internal.util.Preconditions.outOfBounds(Preconditions.java:64)
at java.base/jdk.internal.util.Preconditions.outOfBoundsCheckIndex(Preconditions.java:70)
at java.base/jdk.internal.util.Preconditions.checkIndex(Preconditions.java:248)
at java.base/java.util.Objects.checkIndex(Objects.java:373)
at java.base/java.util.ArrayList.get(ArrayList.java:427)
at cpsc542.selenium.ProfileTest.addTripToCart(ProfileTest.java:51)
at cpsc542.selenium.ProfileTest.shouldSeeTripAfterBooking(ProfileTest.java:32)
at java.base/java.util.ArrayList.forEach(ArrayList.java:1511)
... Removed 36 stack frames]]>
    </failure>
  </testcase> <!-- shouldSeeTripAfterBooking -->
</testsuite> <!-- Command line test -->
